# JRE version: OpenJDK Runtime Environment Temurin-21.0.10+7 (21.0.10+7) (build 21.0.10+7-LTS)
# Java VM: OpenJDK 64-Bit Server VM Temurin-21.0.10+7 (21.0.10+7-LTS, mixed mode, sharing, tiered, compressed oops, compressed class ptrs, parallel gc, windows-amd64)
GC Precious Log:
 CardTable entry size: 512
 CPUs: 16 total, 16 available
 Memory: 14188M
 Large Page Support: Disabled
 NUMA Support: Disabled
 Compressed Oops: Enabled (32-bit)
 Alignments: Space 512K, Generation 512K, Heap 2M
 Heap Min Capacity: 100M
 Heap Initial Capacity: 100M
 Heap Max Capacity: 2G
 Pre-touch: Disabled
 Parallel Workers: 13
Heap:
 PSYoungGen      total 3584K, used 1009K [0x00000000d5580000, 0x00000000d5b80000, 0x0000000100000000)
  eden space 2560K, 0% used [0x00000000d5580000,0x00000000d5580000,0x00000000d5800000)
  from space 1024K, 98% used [0x00000000d5980000,0x00000000d5a7c4d8,0x00000000d5a80000)
  to   space 1024K, 0% used [0x00000000d5a80000,0x00000000d5a80000,0x00000000d5b80000)
 ParOldGen       total 204800K, used 152406K [0x0000000080000000, 0x000000008c800000, 0x00000000d5580000)
  object space 204800K, 74% used [0x0000000080000000,0x00000000894d5930,0x000000008c800000)
 Metaspace       used 71790K, committed 73344K, reserved 1179648K
  class space    used 7194K, committed 7936K, reserved 1048576K
GC Heap History (20 events):
Event: 412.072 GC heap before
{Heap before GC invocations=283 (full 4):
 PSYoungGen      total 3072K, used 2660K [0x00000000d5580000, 0x00000000d5c80000, 0x0000000100000000)
  eden space 1536K, 100% used [0x00000000d5580000,0x00000000d5700000,0x00000000d5700000)
  from space 1536K, 73% used [0x00000000d5b00000,0x00000000d5c19000,0x00000000d5c80000)
  to   space 1536K, 0% used [0x00000000d5980000,0x00000000d5980000,0x00000000d5b00000)
 ParOldGen       total 204800K, used 132200K [0x0000000080000000, 0x000000008c800000, 0x00000000d5580000)
  object space 204800K, 64% used [0x0000000080000000,0x000000008811a120,0x000000008c800000)
 Metaspace       used 71752K, committed 73344K, reserved 1179648K
  class space    used 7194K, committed 7936K, reserved 1048576K
}
Event: 412.076 GC heap after
{Heap after GC invocations=283 (full 4):
 PSYoungGen      total 3584K, used 1312K [0x00000000d5580000, 0x00000000d5b80000, 0x0000000100000000)
  eden space 2048K, 0% used [0x00000000d5580000,0x00000000d5580000,0x00000000d5780000)
  from space 1536K, 85% used [0x00000000d5980000,0x00000000d5ac8000,0x00000000d5b00000)
  to   space 512K, 0% used [0x00000000d5b00000,0x00000000d5b00000,0x00000000d5b80000)
 ParOldGen       total 204800K, used 133156K [0x0000000080000000, 0x000000008c800000, 0x00000000d5580000)
  object space 204800K, 65% used [0x0000000080000000,0x0000000088209120,0x000000008c800000)
 Metaspace       used 71752K, committed 73344K, reserved 1179648K
  class space    used 7194K, committed 7936K, reserved 1048576K
}
Event: 412.120 GC heap before
{Heap before GC invocations=284 (full 4):
 PSYoungGen      total 3584K, used 3360K [0x00000000d5580000, 0x00000000d5b80000, 0x0000000100000000)
  eden space 2048K, 100% used [0x00000000d5580000,0x00000000d5780000,0x00000000d5780000)
  from space 1536K, 85% used [0x00000000d5980000,0x00000000d5ac8000,0x00000000d5b00000)
  to   space 512K, 0% used [0x00000000d5b00000,0x00000000d5b00000,0x00000000d5b80000)
 ParOldGen       total 204800K, used 133156K [0x0000000080000000, 0x000000008c800000, 0x00000000d5580000)
  object space 204800K, 65% used [0x0000000080000000,0x0000000088209120,0x000000008c800000)
 Metaspace       used 71752K, committed 73344K, reserved 1179648K
  class space    used 7194K, committed 7936K, reserved 1048576K
}
Event: 412.125 GC heap after
{Heap after GC invocations=284 (full 4):
 PSYoungGen      total 2048K, used 512K [0x00000000d5580000, 0x00000000d5f80000, 0x0000000100000000)
  eden space 1536K, 0% used [0x00000000d5580000,0x00000000d5580000,0x00000000d5700000)
  from space 512K, 100% used [0x00000000d5b00000,0x00000000d5b80000,0x00000000d5b80000)
  to   space 4096K, 0% used [0x00000000d5700000,0x00000000d5700000,0x00000000d5b00000)
 ParOldGen       total 204800K, used 135894K [0x0000000080000000, 0x000000008c800000, 0x00000000d5580000)
  object space 204800K, 66% used [0x0000000080000000,0x00000000884b5a00,0x000000008c800000)
 Metaspace       used 71752K, committed 73344K, reserved 1179648K
  class space    used 7194K, committed 7936K, reserved 1048576K
}
Event: 412.129 GC heap before
{Heap before GC invocations=285 (full 4):
 PSYoungGen      total 2048K, used 2048K [0x00000000d5580000, 0x00000000d5f80000, 0x0000000100000000)
  eden space 1536K, 100% used [0x00000000d5580000,0x00000000d5700000,0x00000000d5700000)
  from space 512K, 100% used [0x00000000d5b00000,0x00000000d5b80000,0x00000000d5b80000)
  to   space 4096K, 0% used [0x00000000d5700000,0x00000000d5700000,0x00000000d5b00000)
 ParOldGen       total 204800K, used 135894K [0x0000000080000000, 0x000000008c800000, 0x00000000d5580000)
  object space 204800K, 66% used [0x0000000080000000,0x00000000884b5a00,0x000000008c800000)
 Metaspace       used 71752K, committed 73344K, reserved 1179648K
  class space    used 7194K, committed 7936K, reserved 1048576K
}
Event: 412.130 GC heap after
{Heap after GC invocations=285 (full 4):
 PSYoungGen      total 3584K, used 1728K [0x00000000d5580000, 0x00000000d5c00000, 0x0000000100000000)
  eden space 1536K, 0% used [0x00000000d5580000,0x00000000d5580000,0x00000000d5700000)
  from space 2048K, 84% used [0x00000000d5700000,0x00000000d58b0000,0x00000000d5900000)
  to   space 2560K, 0% used [0x00000000d5980000,0x00000000d5980000,0x00000000d5c00000)
 ParOldGen       total 204800K, used 136366K [0x0000000080000000, 0x000000008c800000, 0x00000000d5580000)
  object space 204800K, 66% used [0x0000000080000000,0x000000008852ba00,0x000000008c800000)
 Metaspace       used 71752K, committed 73344K, reserved 1179648K
  class space    used 7194K, committed 7936K, reserved 1048576K
}
Event: 412.134 GC heap before
{Heap before GC invocations=286 (full 4):
 PSYoungGen      total 3584K, used 3264K [0x00000000d5580000, 0x00000000d5c00000, 0x0000000100000000)
  eden space 1536K, 100% used [0x00000000d5580000,0x00000000d5700000,0x00000000d5700000)
  from space 2048K, 84% used [0x00000000d5700000,0x00000000d58b0000,0x00000000d5900000)
  to   space 2560K, 0% used [0x00000000d5980000,0x00000000d5980000,0x00000000d5c00000)
 ParOldGen       total 204800K, used 136366K [0x0000000080000000, 0x000000008c800000, 0x00000000d5580000)
  object space 204800K, 66% used [0x0000000080000000,0x000000008852ba00,0x000000008c800000)
 Metaspace       used 71752K, committed 73344K, reserved 1179648K
  class space    used 7194K, committed 7936K, reserved 1048576K
}
Event: 412.136 GC heap after
{Heap after GC invocations=286 (full 4):
 PSYoungGen      total 4096K, used 1664K [0x00000000d5580000, 0x00000000d5b80000, 0x0000000100000000)
  eden space 2048K, 0% used [0x00000000d5580000,0x00000000d5580000,0x00000000d5780000)
  from space 2048K, 81% used [0x00000000d5980000,0x00000000d5b20000,0x00000000d5b80000)
  to   space 2048K, 0% used [0x00000000d5780000,0x00000000d5780000,0x00000000d5980000)
 ParOldGen       total 204800K, used 137974K [0x0000000080000000, 0x000000008c800000, 0x00000000d5580000)
  object space 204800K, 67% used [0x0000000080000000,0x00000000886bda00,0x000000008c800000)
 Metaspace       used 71752K, committed 73344K, reserved 1179648K
  class space    used 7194K, committed 7936K, reserved 1048576K
}
Event: 412.141 GC heap before
{Heap before GC invocations=287 (full 4):
 PSYoungGen      total 4096K, used 3712K [0x00000000d5580000, 0x00000000d5b80000, 0x0000000100000000)
  eden space 2048K, 100% used [0x00000000d5580000,0x00000000d5780000,0x00000000d5780000)
  from space 2048K, 81% used [0x00000000d5980000,0x00000000d5b20000,0x00000000d5b80000)
  to   space 2048K, 0% used [0x00000000d5780000,0x00000000d5780000,0x00000000d5980000)
 ParOldGen       total 204800K, used 137974K [0x0000000080000000, 0x000000008c800000, 0x00000000d5580000)
  object space 204800K, 67% used [0x0000000080000000,0x00000000886bda00,0x000000008c800000)
 Metaspace       used 71752K, committed 73344K, reserved 1179648K
  class space    used 7194K, committed 7936K, reserved 1048576K
}
Event: 412.143 GC heap after
{Heap after GC invocations=287 (full 4):
 PSYoungGen      total 4096K, used 2048K [0x00000000d5580000, 0x00000000d6000000, 0x0000000100000000)
  eden space 2048K, 0% used [0x00000000d5580000,0x00000000d5580000,0x00000000d5780000)
  from space 2048K, 100% used [0x00000000d5780000,0x00000000d5980000,0x00000000d5980000)
  to   space 4096K, 0% used [0x00000000d5c00000,0x00000000d5c00000,0x00000000d6000000)
 ParOldGen       total 204800K, used 139590K [0x0000000080000000, 0x000000008c800000, 0x00000000d5580000)
  object space 204800K, 68% used [0x0000000080000000,0x0000000088851a00,0x000000008c800000)
 Metaspace       used 71752K, committed 73344K, reserved 1179648K
  class space    used 7194K, committed 7936K, reserved 1048576K
}
Event: 412.148 GC heap before
{Heap before GC invocations=288 (full 4):
 PSYoungGen      total 4096K, used 4096K [0x00000000d5580000, 0x00000000d6000000, 0x0000000100000000)
  eden space 2048K, 100% used [0x00000000d5580000,0x00000000d5780000,0x00000000d5780000)
  from space 2048K, 100% used [0x00000000d5780000,0x00000000d5980000,0x00000000d5980000)
  to   space 4096K, 0% used [0x00000000d5c00000,0x00000000d5c00000,0x00000000d6000000)
 ParOldGen       total 204800K, used 139590K [0x0000000080000000, 0x000000008c800000, 0x00000000d5580000)
  object space 204800K, 68% used [0x0000000080000000,0x0000000088851a00,0x000000008c800000)
 Metaspace       used 71752K, committed 73344K, reserved 1179648K
  class space    used 7194K, committed 7936K, reserved 1048576K
}
Event: 412.151 GC heap after
{Heap after GC invocations=288 (full 4):
 PSYoungGen      total 4608K, used 1986K [0x00000000d5580000, 0x00000000d5e00000, 0x0000000100000000)
  eden space 2560K, 0% used [0x00000000d5580000,0x00000000d5580000,0x00000000d5800000)
  from space 2048K, 96% used [0x00000000d5c00000,0x00000000d5df0810,0x00000000d5e00000)
  to   space 3072K, 0% used [0x00000000d5800000,0x00000000d5800000,0x00000000d5b00000)
 ParOldGen       total 204800K, used 141630K [0x0000000080000000, 0x000000008c800000, 0x00000000d5580000)
  object space 204800K, 69% used [0x0000000080000000,0x0000000088a4fa00,0x000000008c800000)
 Metaspace       used 71752K, committed 73344K, reserved 1179648K
  class space    used 7194K, committed 7936K, reserved 1048576K
}
Event: 412.165 GC heap before
{Heap before GC invocations=289 (full 4):
 PSYoungGen      total 4608K, used 4367K [0x00000000d5580000, 0x00000000d5e00000, 0x0000000100000000)
  eden space 2560K, 93% used [0x00000000d5580000,0x00000000d57d3500,0x00000000d5800000)
  from space 2048K, 96% used [0x00000000d5c00000,0x00000000d5df0810,0x00000000d5e00000)
  to   space 3072K, 0% used [0x00000000d5800000,0x00000000d5800000,0x00000000d5b00000)
 ParOldGen       total 204800K, used 141630K [0x0000000080000000, 0x000000008c800000, 0x00000000d5580000)
  object space 204800K, 69% used [0x0000000080000000,0x0000000088a4fa00,0x000000008c800000)
 Metaspace       used 71753K, committed 73344K, reserved 1179648K
  class space    used 7194K, committed 7936K, reserved 1048576K
}
Event: 412.168 GC heap after
{Heap after GC invocations=289 (full 4):
 PSYoungGen      total 5632K, used 2240K [0x00000000d5580000, 0x00000000d5d80000, 0x0000000100000000)
  eden space 2560K, 0% used [0x00000000d5580000,0x00000000d5580000,0x00000000d5800000)
  from space 3072K, 72% used [0x00000000d5800000,0x00000000d5a30000,0x00000000d5b00000)
  to   space 2560K, 0% used [0x00000000d5b00000,0x00000000d5b00000,0x00000000d5d80000)
 ParOldGen       total 204800K, used 143126K [0x0000000080000000, 0x000000008c800000, 0x00000000d5580000)
  object space 204800K, 69% used [0x0000000080000000,0x0000000088bc5a10,0x000000008c800000)
 Metaspace       used 71753K, committed 73344K, reserved 1179648K
  class space    used 7194K, committed 7936K, reserved 1048576K
}
Event: 412.220 GC heap before
{Heap before GC invocations=290 (full 4):
 PSYoungGen      total 5632K, used 4679K [0x00000000d5580000, 0x00000000d5d80000, 0x0000000100000000)
  eden space 2560K, 95% used [0x00000000d5580000,0x00000000d57e1eb8,0x00000000d5800000)
  from space 3072K, 72% used [0x00000000d5800000,0x00000000d5a30000,0x00000000d5b00000)
  to   space 2560K, 0% used [0x00000000d5b00000,0x00000000d5b00000,0x00000000d5d80000)
 ParOldGen       total 204800K, used 143126K [0x0000000080000000, 0x000000008c800000, 0x00000000d5580000)
  object space 204800K, 69% used [0x0000000080000000,0x0000000088bc5a10,0x000000008c800000)
 Metaspace       used 71757K, committed 73344K, reserved 1179648K
  class space    used 7194K, committed 7936K, reserved 1048576K
}
Event: 412.223 GC heap after
{Heap after GC invocations=290 (full 4):
 PSYoungGen      total 4096K, used 1248K [0x00000000d5580000, 0x00000000d5c80000, 0x0000000100000000)
  eden space 2560K, 0% used [0x00000000d5580000,0x00000000d5580000,0x00000000d5800000)
  from space 1536K, 81% used [0x00000000d5b00000,0x00000000d5c38050,0x00000000d5c80000)
  to   space 2048K, 0% used [0x00000000d5880000,0x00000000d5880000,0x00000000d5a80000)
 ParOldGen       total 204800K, used 144614K [0x0000000080000000, 0x000000008c800000, 0x00000000d5580000)
  object space 204800K, 70% used [0x0000000080000000,0x0000000088d39a10,0x000000008c800000)
 Metaspace       used 71757K, committed 73344K, reserved 1179648K
  class space    used 7194K, committed 7936K, reserved 1048576K
}
Event: 412.259 GC heap before
{Heap before GC invocations=291 (full 4):
 PSYoungGen      total 4096K, used 3511K [0x00000000d5580000, 0x00000000d5c80000, 0x0000000100000000)
  eden space 2560K, 88% used [0x00000000d5580000,0x00000000d57b5d80,0x00000000d5800000)
  from space 1536K, 81% used [0x00000000d5b00000,0x00000000d5c38050,0x00000000d5c80000)
  to   space 2048K, 0% used [0x00000000d5880000,0x00000000d5880000,0x00000000d5a80000)
 ParOldGen       total 204800K, used 144614K [0x0000000080000000, 0x000000008c800000, 0x00000000d5580000)
  object space 204800K, 70% used [0x0000000080000000,0x0000000088d39a10,0x000000008c800000)
 Metaspace       used 71762K, committed 73344K, reserved 1179648K
  class space    used 7194K, committed 7936K, reserved 1048576K
}
Event: 412.262 GC heap after
{Heap after GC invocations=291 (full 4):
 PSYoungGen      total 4608K, used 1551K [0x00000000d5580000, 0x00000000d5c00000, 0x0000000100000000)
  eden space 2560K, 0% used [0x00000000d5580000,0x00000000d5580000,0x00000000d5800000)
  from space 2048K, 75% used [0x00000000d5880000,0x00000000d5a03d28,0x00000000d5a80000)
  to   space 1536K, 0% used [0x00000000d5a80000,0x00000000d5a80000,0x00000000d5c00000)
 ParOldGen       total 204800K, used 145731K [0x0000000080000000, 0x000000008c800000, 0x00000000d5580000)
  object space 204800K, 71% used [0x0000000080000000,0x0000000088e50f10,0x000000008c800000)
 Metaspace       used 71762K, committed 73344K, reserved 1179648K
  class space    used 7194K, committed 7936K, reserved 1048576K
}
Event: 412.312 GC heap before
{Heap before GC invocations=292 (full 4):
 PSYoungGen      total 4608K, used 4111K [0x00000000d5580000, 0x00000000d5c00000, 0x0000000100000000)
  eden space 2560K, 100% used [0x00000000d5580000,0x00000000d5800000,0x00000000d5800000)
  from space 2048K, 75% used [0x00000000d5880000,0x00000000d5a03d28,0x00000000d5a80000)
  to   space 1536K, 0% used [0x00000000d5a80000,0x00000000d5a80000,0x00000000d5c00000)
 ParOldGen       total 204800K, used 145731K [0x0000000080000000, 0x000000008c800000, 0x00000000d5580000)
  object space 204800K, 71% used [0x0000000080000000,0x0000000088e50f10,0x000000008c800000)
 Metaspace       used 71762K, committed 73344K, reserved 1179648K
  class space    used 7194K, committed 7936K, reserved 1048576K
}
Event: 414.317 GC heap after
{Heap after GC invocations=292 (full 4):
 PSYoungGen      total 4096K, used 1509K [0x00000000d5580000, 0x00000000d5c00000, 0x0000000100000000)
  eden space 2560K, 0% used [0x00000000d5580000,0x00000000d5580000,0x00000000d5800000)
  from space 1536K, 98% used [0x00000000d5a80000,0x00000000d5bf9410,0x00000000d5c00000)
  to   space 2048K, 0% used [0x00000000d5880000,0x00000000d5880000,0x00000000d5a80000)
 ParOldGen       total 204800K, used 148354K [0x0000000080000000, 0x000000008c800000, 0x00000000d5580000)
  object space 204800K, 72% used [0x0000000080000000,0x00000000890e0848,0x000000008c800000)
 Metaspace       used 71762K, committed 73344K, reserved 1179648K
  class space    used 7194K, committed 7936K, reserved 1048576K
}

